INFO:scholarly:Getting https://scholar.google.com/citations?hl=en&view_op=search_authors&mauthors=Hiran%20V%20Nath
INFO:scholarly:Found 1 authors
INFO:scholarly:Getting https://scholar.google.com/citations?hl=en&user=a6X5I14AAAAJ&pagesize=100
INFO:scholarly:Getting https://scholar.google.com/citations?hl=en&view_op=search_authors&mauthors=Hiran%20V%20Nath
INFO:scholarly:Found 1 authors
INFO:scholarly:Getting https://scholar.google.com/citations?hl=en&user=a6X5I14AAAAJ&pagesize=100
INFO:scholarly:Getting https://scholar.google.com/citations?hl=en&view_op=search_authors&mauthors=Hiran%20V%20Nath
INFO:scholarly:Found 1 authors
INFO:scholarly:Getting https://scholar.google.com/citations?hl=en&user=a6X5I14AAAAJ&pagesize=100
INFO:scholarly:Getting https://scholar.google.com/citations?hl=en&view_op=search_authors&mauthors=Hiran%20V%20Nath
INFO:scholarly:Found 1 authors
INFO:scholarly:Getting https://scholar.google.com/citations?hl=en&user=a6X5I14AAAAJ&pagesize=100
INFO:scholarly:Getting https://scholar.google.com/citations?hl=en&view_op=search_authors&mauthors=Hiran%20V%20Nath
INFO:scholarly:Found 1 authors
INFO:scholarly:Getting https://scholar.google.com/citations?hl=en&user=a6X5I14AAAAJ&pagesize=100
INFO:scholarly:Getting https://scholar.google.com/citations?hl=en&view_op=search_authors&mauthors=Hiran%20V%20Nath
INFO:scholarly:Found 1 authors
INFO:scholarly:Getting https://scholar.google.com/citations?hl=en&user=a6X5I14AAAAJ&pagesize=100
INFO:scholarly:Getting https://scholar.google.com/citations?hl=en&view_op=search_authors&mauthors=Hiran%20V%20Nath
INFO:scholarly:Found 1 authors
INFO:scholarly:Getting https://scholar.google.com/citations?hl=en&user=a6X5I14AAAAJ&pagesize=100
INFO:scholarly:Getting https://scholar.google.com/citations?hl=en&view_op=search_authors&mauthors=Hiran%20V%20Nath
INFO:scholarly:Found 1 authors
INFO:scholarly:Getting https://scholar.google.com/citations?hl=en&user=a6X5I14AAAAJ&pagesize=100
INFO:scholarly:Getting https://scholar.google.com/citations?hl=en&view_op=search_authors&mauthors=Vinod%20Pathari
INFO:scholarly:Found 1 authors
INFO:scholarly:Getting https://scholar.google.com/citations?hl=en&user=t74GmO8AAAAJ&pagesize=100
